2025-09-14 16:13:28 [[32minfo[39m]: [32m🚀 Starting RAG Pipeline API server...[39m | {"port":"3000","environment":"development","nodeVersion":"v22.15.1"}
2025-09-14 16:13:28 [[32minfo[39m]: [32m🔧 Initializing RAG Pipeline services...[39m
2025-09-14 16:13:29 [[32minfo[39m]: [32m[PERF] Completed: embedding_service_init (954ms)[39m | {"operationId":"embedding_service_init_1757846608145","operation":"embedding_service_init","startTime":1757846608145,"endTime":1757846609099,"duration":954}
2025-09-14 16:13:29 [[32minfo[39m]: [32m[HEALTH] EmbeddingService: healthy[39m | {"service":"EmbeddingService","status":"healthy"}
2025-09-14 16:13:29 [[32minfo[39m]: [32m[PERF] Completed: vector_store_init (301ms)[39m | {"operationId":"vector_store_init_1757846609101","operation":"vector_store_init","startTime":1757846609101,"endTime":1757846609402,"duration":301}
2025-09-14 16:13:29 [[32minfo[39m]: [32m[HEALTH] VectorStore: healthy[39m | {"service":"VectorStore","status":"healthy"}
2025-09-14 16:13:29 [[32minfo[39m]: [32m[PERF] Completed: qa_service_init (391ms)[39m | {"operationId":"qa_service_init_1757846609403","operation":"qa_service_init","startTime":1757846609403,"endTime":1757846609794,"duration":391}
2025-09-14 16:13:29 [[32minfo[39m]: [32m[HEALTH] QAService: healthy[39m | {"service":"QAService","status":"healthy"}
2025-09-14 16:13:29 [[32minfo[39m]: [32m[PERF] Completed: service_initialization (1650ms)[39m | {"operationId":"service_initialization_1757846608144","operation":"service_initialization","startTime":1757846608144,"endTime":1757846609794,"duration":1650,"servicesInitialized":3,"environment":"development"}
2025-09-14 16:13:29 [[32minfo[39m]: [32m✅ All RAG Pipeline services initialized successfully[39m
2025-09-14 16:13:29 [[32minfo[39m]: [32m[SERVER] RAG Pipeline ready to accept requests[39m
2025-09-14 16:13:29 [[32minfo[39m]: [32m[PERF] Completed: server_startup (1655ms)[39m | {"operationId":"server_startup_1757846608142","operation":"server_startup","startTime":1757846608142,"endTime":1757846609797,"duration":1655,"port":"3000","environment":"development"}
2025-09-14 16:13:29 [[32minfo[39m]: [32m✅ RAG Pipeline API server started successfully[39m | {"port":"3000","startupTime":"1655ms","endpoints":["http://localhost:3000/health","http://localhost:3000/api/documents/upload","http://localhost:3000/api/qa/ask"]}
2025-09-14 16:13:29 [[32minfo[39m]: [32m[SERVER] Server listening on port 3000[39m
2025-09-14 16:13:29 [[32minfo[39m]: [32m[HEALTH] APIServer: healthy[39m | {"service":"APIServer","status":"healthy","port":"3000"}
2025-09-14 16:14:16 [[32minfo[39m]: [32m[REQUEST] GET /favicon.ico[39m | {"requestId":"1757846656722_zhcjz9mkj","method":"GET","url":"/favicon.ico","userAgent":"Mozilla/5.0 (Macintosh; Intel Mac OS X 10_15_7) AppleWebKit/537.36 (KHTML, like Gecko) Chrome/140.0.0.0 Safari/537.36","ip":"::1","query":{}}
2025-09-14 16:14:16 [[31merror[39m]: [31m[API] GET /favicon.ico 404 11ms[39m | {"method":"GET","url":"/favicon.ico","statusCode":404,"duration":11,"requestId":"1757846656722_zhcjz9mkj","responseSize":"62","userAgent":"Mozilla/5.0 (Macintosh; Intel Mac OS X 10_15_7) AppleWebKit/537.36 (KHTML, like Gecko) Chrome/140.0.0.0 Safari/537.36"}
2025-09-14 16:14:42 [[32minfo[39m]: [32m[REQUEST] POST /api/documents/upload[39m | {"requestId":"1757846682484_cxicmj5ut","method":"POST","url":"/api/documents/upload","userAgent":"Mozilla/5.0 (Macintosh; Intel Mac OS X 10_15_7) AppleWebKit/537.36 (KHTML, like Gecko) Chrome/140.0.0.0 Safari/537.36","ip":"::1","query":{}}
2025-09-14 16:14:42 [[32minfo[39m]: [32m[PERF] Completed: file_upload (1ms)[39m | {"operationId":"file_upload_1757846682504","operation":"file_upload","startTime":1757846682504,"endTime":1757846682505,"duration":1,"fileSize":906841,"fileType":"application/pdf","originalName":"CA and DA.pdf"}
2025-09-14 16:14:42 [[32minfo[39m]: [32m[DOCUMENT_UPLOAD] File uploaded successfully: CA and DA.pdf[39m | {"requestId":"1757846682484_cxicmj5ut","fileSize":906841,"fileType":"application/pdf","uploadPath":"/Users/sanju007/Desktop/Rag_pip/uploads/upload-1757846682492-642472150.pdf"}
2025-09-14 16:14:42 [[32minfo[39m]: [32m[REQUEST] POST /api/documents/ingest[39m | {"requestId":"1757846682540_34l8k3tdu","method":"POST","url":"/api/documents/ingest","userAgent":"Mozilla/5.0 (Macintosh; Intel Mac OS X 10_15_7) AppleWebKit/537.36 (KHTML, like Gecko) Chrome/140.0.0.0 Safari/537.36","ip":"::1","query":{},"body":{"filePath":"/Users/sanju007/Desktop/Rag_pip/uploads/upload-1757846682492-642472150.pdf","originalName":"CA and DA.pdf"}}
2025-09-14 16:14:42 [[32minfo[39m]: [32m[DOCUMENT_INGESTION] Starting document ingestion: CA and DA.pdf[39m | {"requestId":"1757846682540_34l8k3tdu","filePath":"/Users/sanju007/Desktop/Rag_pip/uploads/upload-1757846682492-642472150.pdf","originalName":"CA and DA.pdf"}
2025-09-14 16:14:42 [[32minfo[39m]: [32m[PERF] Completed: document_processing (421ms)[39m | {"operationId":"document_processing_1757846682541","operation":"document_processing","startTime":1757846682541,"endTime":1757846682962,"duration":421,"chunksCreated":956,"textLength":714105}
2025-09-14 16:14:54 [[32minfo[39m]: [32m[PERF] Completed: embedding_generation (11874ms)[39m | {"operationId":"embedding_generation_1757846682963","operation":"embedding_generation","startTime":1757846682963,"endTime":1757846694837,"duration":11874,"chunksEmbedded":956,"embeddingDimensions":384}
2025-09-14 16:14:55 [[32minfo[39m]: [32m[PERF] Completed: vector_storage (930ms)[39m | {"operationId":"vector_storage_1757846694839","operation":"vector_storage","startTime":1757846694839,"endTime":1757846695769,"duration":930,"chunksStored":956,"documentId":"doc_1757846694838_CA_and_DA_pdf"}
2025-09-14 16:14:55 [[32minfo[39m]: [32m[PERF] Completed: document_ingestion (13230ms)[39m | {"operationId":"document_ingestion_1757846682540","operation":"document_ingestion","startTime":1757846682540,"endTime":1757846695770,"duration":13230,"documentName":"CA and DA.pdf","chunksProcessed":956,"embeddingsGenerated":956,"documentId":"doc_1757846694838_CA_and_DA_pdf"}
2025-09-14 16:14:55 [[32minfo[39m]: [32m[DOCUMENT_INGESTION] Document ingested successfully: CA and DA.pdf[39m | {"requestId":"1757846682540_34l8k3tdu","documentName":"CA and DA.pdf","chunksProcessed":956,"embeddingsGenerated":956,"documentId":"doc_1757846694838_CA_and_DA_pdf","processingTime":"document_ingestion"}
2025-09-14 16:16:05 [[32minfo[39m]: [32m[REQUEST] POST /api/qa/ask[39m | {"requestId":"1757846765845_gk19pbrzi","method":"POST","url":"/api/qa/ask","userAgent":"Mozilla/5.0 (Macintosh; Intel Mac OS X 10_15_7) AppleWebKit/537.36 (KHTML, like Gecko) Chrome/140.0.0.0 Safari/537.36","ip":"::1","query":{},"body":{"question":"what is ca and cd","sessionId":null}}
2025-09-14 16:16:05 [[32minfo[39m]: [32m[QA_SERVICE] Processing question for session: session_1757846765852_ioihbdooq[39m | {"requestId":"1757846765845_gk19pbrzi","sessionId":"session_1757846765852_ioihbdooq","questionLength":17}
2025-09-14 16:16:06 [[32minfo[39m]: [32m[PERF] Completed: qa_service_processing (535ms)[39m | {"operationId":"qa_service_processing_1757846765852","operation":"qa_service_processing","startTime":1757846765852,"endTime":1757846766387,"duration":535,"chunksSearched":5,"relevantChunks":0,"confidence":0}
2025-09-14 16:16:06 [[32minfo[39m]: [32m[PERF] Completed: qa_request (537ms)[39m | {"operationId":"qa_request_1757846765851","operation":"qa_request","startTime":1757846765851,"endTime":1757846766388,"duration":537,"sessionId":"session_1757846765852_ioihbdooq","questionLength":17,"answerLength":153,"sourcesCount":0,"confidence":0,"chunksSearched":5}
2025-09-14 16:16:06 [[32minfo[39m]: [32m[QA_SERVICE] Question answered successfully for session: session_1757846765852_ioihbdooq[39m | {"requestId":"1757846765845_gk19pbrzi","sessionId":"session_1757846765852_ioihbdooq","confidence":"0.0%","sourcesCount":0,"chunksSearched":5}
2025-09-14 16:17:32 [[32minfo[39m]: [32m[REQUEST] POST /api/qa/ask[39m | {"requestId":"1757846852494_k5xmytumr","method":"POST","url":"/api/qa/ask","userAgent":"Mozilla/5.0 (Macintosh; Intel Mac OS X 10_15_7) AppleWebKit/537.36 (KHTML, like Gecko) Chrome/140.0.0.0 Safari/537.36","ip":"::1","query":{},"body":{"question":"Origins and Orientations","sessionId":"session_1757846765852_ioihbdooq"}}
2025-09-14 16:17:32 [[32minfo[39m]: [32m[QA_SERVICE] Processing question for session: session_1757846765852_ioihbdooq[39m | {"requestId":"1757846852494_k5xmytumr","sessionId":"session_1757846765852_ioihbdooq","questionLength":24}
2025-09-14 16:17:32 [[32minfo[39m]: [32m[PERF] Completed: qa_service_processing (477ms)[39m | {"operationId":"qa_service_processing_1757846852499","operation":"qa_service_processing","startTime":1757846852499,"endTime":1757846852976,"duration":477,"chunksSearched":5,"relevantChunks":2,"confidence":0.04177171666666668}
2025-09-14 16:17:32 [[32minfo[39m]: [32m[PERF] Completed: qa_request (478ms)[39m | {"operationId":"qa_request_1757846852499","operation":"qa_request","startTime":1757846852499,"endTime":1757846852977,"duration":478,"sessionId":"session_1757846765852_ioihbdooq","questionLength":24,"answerLength":435,"sourcesCount":2,"confidence":0.04177171666666668,"chunksSearched":5}
2025-09-14 16:17:32 [[32minfo[39m]: [32m[QA_SERVICE] Question answered successfully for session: session_1757846765852_ioihbdooq[39m | {"requestId":"1757846852494_k5xmytumr","sessionId":"session_1757846765852_ioihbdooq","confidence":"4.2%","sourcesCount":2,"chunksSearched":5}
2025-09-14 16:18:59 [[32minfo[39m]: [32m[REQUEST] POST /api/qa/ask[39m | {"requestId":"1757846939746_y1q68ewbp","method":"POST","url":"/api/qa/ask","userAgent":"Mozilla/5.0 (Macintosh; Intel Mac OS X 10_15_7) AppleWebKit/537.36 (KHTML, like Gecko) Chrome/140.0.0.0 Safari/537.36","ip":"::1","query":{},"body":{"question":"summarize this section once again","sessionId":"session_1757846765852_ioihbdooq"}}
2025-09-14 16:18:59 [[32minfo[39m]: [32m[QA_SERVICE] Processing question for session: session_1757846765852_ioihbdooq[39m | {"requestId":"1757846939746_y1q68ewbp","sessionId":"session_1757846765852_ioihbdooq","questionLength":33}
2025-09-14 16:19:01 [[32minfo[39m]: [32m[PERF] Completed: qa_service_processing (1959ms)[39m | {"operationId":"qa_service_processing_1757846939750","operation":"qa_service_processing","startTime":1757846939750,"endTime":1757846941709,"duration":1959,"chunksSearched":5,"relevantChunks":0,"confidence":0}
2025-09-14 16:19:01 [[32minfo[39m]: [32m[PERF] Completed: qa_request (1962ms)[39m | {"operationId":"qa_request_1757846939748","operation":"qa_request","startTime":1757846939748,"endTime":1757846941710,"duration":1962,"sessionId":"session_1757846765852_ioihbdooq","questionLength":33,"answerLength":153,"sourcesCount":0,"confidence":0,"chunksSearched":5}
2025-09-14 16:19:01 [[32minfo[39m]: [32m[QA_SERVICE] Question answered successfully for session: session_1757846765852_ioihbdooq[39m | {"requestId":"1757846939746_y1q68ewbp","sessionId":"session_1757846765852_ioihbdooq","confidence":"0.0%","sourcesCount":0,"chunksSearched":5}
2025-09-14 16:19:32 [[32minfo[39m]: [32m[REQUEST] POST /api/documents/upload[39m | {"requestId":"1757846972640_4rgso8kxn","method":"POST","url":"/api/documents/upload","userAgent":"Mozilla/5.0 (Macintosh; Intel Mac OS X 10_15_7) AppleWebKit/537.36 (KHTML, like Gecko) Chrome/140.0.0.0 Safari/537.36","ip":"::1","query":{}}
2025-09-14 16:19:32 [[32minfo[39m]: [32m[PERF] Completed: file_upload (0ms)[39m | {"operationId":"file_upload_1757846972658","operation":"file_upload","startTime":1757846972658,"endTime":1757846972658,"duration":0,"fileSize":37280,"fileType":"application/pdf","originalName":"resume 2025_compressed.pdf"}
2025-09-14 16:19:32 [[32minfo[39m]: [32m[DOCUMENT_UPLOAD] File uploaded successfully: resume 2025_compressed.pdf[39m | {"requestId":"1757846972640_4rgso8kxn","fileSize":37280,"fileType":"application/pdf","uploadPath":"/Users/sanju007/Desktop/Rag_pip/uploads/upload-1757846972654-55009603.pdf"}
2025-09-14 16:19:32 [[32minfo[39m]: [32m[REQUEST] POST /api/documents/ingest[39m | {"requestId":"1757846972665_3damjlpzj","method":"POST","url":"/api/documents/ingest","userAgent":"Mozilla/5.0 (Macintosh; Intel Mac OS X 10_15_7) AppleWebKit/537.36 (KHTML, like Gecko) Chrome/140.0.0.0 Safari/537.36","ip":"::1","query":{},"body":{"filePath":"/Users/sanju007/Desktop/Rag_pip/uploads/upload-1757846972654-55009603.pdf","originalName":"resume 2025_compressed.pdf"}}
2025-09-14 16:19:32 [[32minfo[39m]: [32m[DOCUMENT_INGESTION] Starting document ingestion: resume 2025_compressed.pdf[39m | {"requestId":"1757846972665_3damjlpzj","filePath":"/Users/sanju007/Desktop/Rag_pip/uploads/upload-1757846972654-55009603.pdf","originalName":"resume 2025_compressed.pdf"}
2025-09-14 16:19:32 [[32minfo[39m]: [32m[PERF] Completed: document_processing (50ms)[39m | {"operationId":"document_processing_1757846972666","operation":"document_processing","startTime":1757846972666,"endTime":1757846972716,"duration":50,"chunksCreated":3,"textLength":2561}
2025-09-14 16:19:33 [[32minfo[39m]: [32m[PERF] Completed: embedding_generation (409ms)[39m | {"operationId":"embedding_generation_1757846972716","operation":"embedding_generation","startTime":1757846972716,"endTime":1757846973125,"duration":409,"chunksEmbedded":3,"embeddingDimensions":384}
2025-09-14 16:19:33 [[32minfo[39m]: [32m[PERF] Completed: vector_storage (58ms)[39m | {"operationId":"vector_storage_1757846973125","operation":"vector_storage","startTime":1757846973125,"endTime":1757846973183,"duration":58,"chunksStored":3,"documentId":"doc_1757846973125_resume_2025_compressed_pdf"}
2025-09-14 16:19:33 [[32minfo[39m]: [32m[PERF] Completed: document_ingestion (518ms)[39m | {"operationId":"document_ingestion_1757846972665","operation":"document_ingestion","startTime":1757846972665,"endTime":1757846973183,"duration":518,"documentName":"resume 2025_compressed.pdf","chunksProcessed":3,"embeddingsGenerated":3,"documentId":"doc_1757846973125_resume_2025_compressed_pdf"}
2025-09-14 16:19:33 [[32minfo[39m]: [32m[DOCUMENT_INGESTION] Document ingested successfully: resume 2025_compressed.pdf[39m | {"requestId":"1757846972665_3damjlpzj","documentName":"resume 2025_compressed.pdf","chunksProcessed":3,"embeddingsGenerated":3,"documentId":"doc_1757846973125_resume_2025_compressed_pdf","processingTime":"document_ingestion"}
2025-09-14 16:19:42 [[32minfo[39m]: [32m[REQUEST] POST /api/qa/ask[39m | {"requestId":"1757846982655_vh5aqpy45","method":"POST","url":"/api/qa/ask","userAgent":"Mozilla/5.0 (Macintosh; Intel Mac OS X 10_15_7) AppleWebKit/537.36 (KHTML, like Gecko) Chrome/140.0.0.0 Safari/537.36","ip":"::1","query":{},"body":{"question":"what is inside resume","sessionId":"session_1757846765852_ioihbdooq"}}
2025-09-14 16:19:42 [[32minfo[39m]: [32m[QA_SERVICE] Processing question for session: session_1757846765852_ioihbdooq[39m | {"requestId":"1757846982655_vh5aqpy45","sessionId":"session_1757846765852_ioihbdooq","questionLength":21}
2025-09-14 16:19:43 [[32minfo[39m]: [32m[PERF] Completed: qa_service_processing (398ms)[39m | {"operationId":"qa_service_processing_1757846982659","operation":"qa_service_processing","startTime":1757846982659,"endTime":1757846983057,"duration":398,"chunksSearched":5,"relevantChunks":0,"confidence":0}
2025-09-14 16:19:43 [[32minfo[39m]: [32m[PERF] Completed: qa_request (398ms)[39m | {"operationId":"qa_request_1757846982659","operation":"qa_request","startTime":1757846982659,"endTime":1757846983057,"duration":398,"sessionId":"session_1757846765852_ioihbdooq","questionLength":21,"answerLength":153,"sourcesCount":0,"confidence":0,"chunksSearched":5}
2025-09-14 16:19:43 [[32minfo[39m]: [32m[QA_SERVICE] Question answered successfully for session: session_1757846765852_ioihbdooq[39m | {"requestId":"1757846982655_vh5aqpy45","sessionId":"session_1757846765852_ioihbdooq","confidence":"0.0%","sourcesCount":0,"chunksSearched":5}
2025-09-14 16:19:52 [[32minfo[39m]: [32m[REQUEST] POST /api/documents/upload[39m | {"requestId":"1757846992256_3c9n8z47u","method":"POST","url":"/api/documents/upload","userAgent":"Mozilla/5.0 (Macintosh; Intel Mac OS X 10_15_7) AppleWebKit/537.36 (KHTML, like Gecko) Chrome/140.0.0.0 Safari/537.36","ip":"::1","query":{}}
2025-09-14 16:19:52 [[32minfo[39m]: [32m[PERF] Completed: file_upload (1ms)[39m | {"operationId":"file_upload_1757846992259","operation":"file_upload","startTime":1757846992259,"endTime":1757846992260,"duration":1,"fileSize":332026,"fileType":"application/pdf","originalName":"67a4422b0ef9220250206050131Definition and Types of Personality Test.pdf"}
2025-09-14 16:19:52 [[32minfo[39m]: [32m[DOCUMENT_UPLOAD] File uploaded successfully: 67a4422b0ef9220250206050131Definition and Types of Personality Test.pdf[39m | {"requestId":"1757846992256_3c9n8z47u","fileSize":332026,"fileType":"application/pdf","uploadPath":"/Users/sanju007/Desktop/Rag_pip/uploads/upload-1757846992257-275336185.pdf"}
2025-09-14 16:19:52 [[32minfo[39m]: [32m[REQUEST] POST /api/documents/ingest[39m | {"requestId":"1757846992267_o6mwfg3m0","method":"POST","url":"/api/documents/ingest","userAgent":"Mozilla/5.0 (Macintosh; Intel Mac OS X 10_15_7) AppleWebKit/537.36 (KHTML, like Gecko) Chrome/140.0.0.0 Safari/537.36","ip":"::1","query":{},"body":{"filePath":"/Users/sanju007/Desktop/Rag_pip/uploads/upload-1757846992257-275336185.pdf","originalName":"67a4422b0ef9220250206050131Definition and Types of Personality Test.pdf"}}
2025-09-14 16:19:52 [[32minfo[39m]: [32m[DOCUMENT_INGESTION] Starting document ingestion: 67a4422b0ef9220250206050131Definition and Types of Personality Test.pdf[39m | {"requestId":"1757846992267_o6mwfg3m0","filePath":"/Users/sanju007/Desktop/Rag_pip/uploads/upload-1757846992257-275336185.pdf","originalName":"67a4422b0ef9220250206050131Definition and Types of Personality Test.pdf"}
2025-09-14 16:19:52 [[32minfo[39m]: [32m[PERF] Completed: document_processing (68ms)[39m | {"operationId":"document_processing_1757846992267","operation":"document_processing","startTime":1757846992267,"endTime":1757846992335,"duration":68,"chunksCreated":14,"textLength":11117}
2025-09-14 16:19:52 [[32minfo[39m]: [32m[PERF] Completed: embedding_generation (480ms)[39m | {"operationId":"embedding_generation_1757846992336","operation":"embedding_generation","startTime":1757846992336,"endTime":1757846992816,"duration":480,"chunksEmbedded":14,"embeddingDimensions":384}
2025-09-14 16:19:52 [[32minfo[39m]: [32m[PERF] Completed: vector_storage (74ms)[39m | {"operationId":"vector_storage_1757846992816","operation":"vector_storage","startTime":1757846992816,"endTime":1757846992890,"duration":74,"chunksStored":14,"documentId":"doc_1757846992816_67a4422b0ef9220250206050131Definition_and_Types_of_Personality_Test_pdf"}
2025-09-14 16:19:52 [[32minfo[39m]: [32m[PERF] Completed: document_ingestion (623ms)[39m | {"operationId":"document_ingestion_1757846992267","operation":"document_ingestion","startTime":1757846992267,"endTime":1757846992890,"duration":623,"documentName":"67a4422b0ef9220250206050131Definition and Types of Personality Test.pdf","chunksProcessed":14,"embeddingsGenerated":14,"documentId":"doc_1757846992816_67a4422b0ef9220250206050131Definition_and_Types_of_Personality_Test_pdf"}
2025-09-14 16:19:52 [[32minfo[39m]: [32m[DOCUMENT_INGESTION] Document ingested successfully: 67a4422b0ef9220250206050131Definition and Types of Personality Test.pdf[39m | {"requestId":"1757846992267_o6mwfg3m0","documentName":"67a4422b0ef9220250206050131Definition and Types of Personality Test.pdf","chunksProcessed":14,"embeddingsGenerated":14,"documentId":"doc_1757846992816_67a4422b0ef9220250206050131Definition_and_Types_of_Personality_Test_pdf","processingTime":"document_ingestion"}
2025-09-14 16:20:08 [[32minfo[39m]: [32m[REQUEST] POST /api/qa/ask[39m | {"requestId":"1757847008639_oghu3idxo","method":"POST","url":"/api/qa/ask","userAgent":"Mozilla/5.0 (Macintosh; Intel Mac OS X 10_15_7) AppleWebKit/537.36 (KHTML, like Gecko) Chrome/140.0.0.0 Safari/537.36","ip":"::1","query":{},"body":{"question":"Definition of Personality Test","sessionId":"session_1757846765852_ioihbdooq"}}
2025-09-14 16:20:08 [[32minfo[39m]: [32m[QA_SERVICE] Processing question for session: session_1757846765852_ioihbdooq[39m | {"requestId":"1757847008639_oghu3idxo","sessionId":"session_1757846765852_ioihbdooq","questionLength":30}
2025-09-14 16:20:09 [[32minfo[39m]: [32m[PERF] Completed: qa_service_processing (445ms)[39m | {"operationId":"qa_service_processing_1757847008648","operation":"qa_service_processing","startTime":1757847008648,"endTime":1757847009093,"duration":445,"chunksSearched":5,"relevantChunks":5,"confidence":0.64973203}
2025-09-14 16:20:09 [[32minfo[39m]: [32m[PERF] Completed: qa_request (446ms)[39m | {"operationId":"qa_request_1757847008647","operation":"qa_request","startTime":1757847008647,"endTime":1757847009093,"duration":446,"sessionId":"session_1757846765852_ioihbdooq","questionLength":30,"answerLength":433,"sourcesCount":5,"confidence":0.64973203,"chunksSearched":5}
2025-09-14 16:20:09 [[32minfo[39m]: [32m[QA_SERVICE] Question answered successfully for session: session_1757846765852_ioihbdooq[39m | {"requestId":"1757847008639_oghu3idxo","sessionId":"session_1757846765852_ioihbdooq","confidence":"65.0%","sourcesCount":5,"chunksSearched":5}
